<?xml version="1.0" encoding="UTF-8"?>
<testsuite name="com.example.study.repository.UserRepositoryTest" tests="1" skipped="0" failures="0" errors="0" timestamp="2020-09-22T14:52:15" hostname="jiyeong-ui-MacBookPro.local" time="0.227">
  <properties/>
  <testcase name="delete1()" classname="com.example.study.repository.UserRepositoryTest" time="0.227"/>
  <system-out><![CDATA[23:52:10.666 [Test worker] DEBUG org.springframework.test.context.BootstrapUtils - Instantiating CacheAwareContextLoaderDelegate from class [org.springframework.test.context.cache.DefaultCacheAwareContextLoaderDelegate]
23:52:10.681 [Test worker] DEBUG org.springframework.test.context.BootstrapUtils - Instantiating BootstrapContext using constructor [public org.springframework.test.context.support.DefaultBootstrapContext(java.lang.Class,org.springframework.test.context.CacheAwareContextLoaderDelegate)]
23:52:10.720 [Test worker] DEBUG org.springframework.test.context.BootstrapUtils - Instantiating TestContextBootstrapper for test class [com.example.study.repository.UserRepositoryTest] from class [org.springframework.boot.test.context.SpringBootTestContextBootstrapper]
23:52:10.742 [Test worker] INFO org.springframework.boot.test.context.SpringBootTestContextBootstrapper - Neither @ContextConfiguration nor @ContextHierarchy found for test class [com.example.study.repository.UserRepositoryTest], using SpringBootContextLoader
23:52:10.749 [Test worker] DEBUG org.springframework.test.context.support.AbstractContextLoader - Did not detect default resource location for test class [com.example.study.repository.UserRepositoryTest]: class path resource [com/example/study/repository/UserRepositoryTest-context.xml] does not exist
23:52:10.749 [Test worker] DEBUG org.springframework.test.context.support.AbstractContextLoader - Did not detect default resource location for test class [com.example.study.repository.UserRepositoryTest]: class path resource [com/example/study/repository/UserRepositoryTestContext.groovy] does not exist
23:52:10.749 [Test worker] INFO org.springframework.test.context.support.AbstractContextLoader - Could not detect default resource locations for test class [com.example.study.repository.UserRepositoryTest]: no resource found for suffixes {-context.xml, Context.groovy}.
23:52:10.750 [Test worker] INFO org.springframework.test.context.support.AnnotationConfigContextLoaderUtils - Could not detect default configuration classes for test class [com.example.study.repository.UserRepositoryTest]: UserRepositoryTest does not declare any static, non-private, non-final, nested classes annotated with @Configuration.
23:52:10.797 [Test worker] DEBUG org.springframework.test.context.support.ActiveProfilesUtils - Could not find an 'annotation declaring class' for annotation type [org.springframework.test.context.ActiveProfiles] and class [com.example.study.repository.UserRepositoryTest]
23:52:10.881 [Test worker] DEBUG org.springframework.context.annotation.ClassPathScanningCandidateComponentProvider - Identified candidate component class: file [/Users/yoon/git/STUDY_SPRING/sourceCode/build/classes/java/main/com/example/study/StudyApplication.class]
23:52:10.883 [Test worker] INFO org.springframework.boot.test.context.SpringBootTestContextBootstrapper - Found @SpringBootConfiguration com.example.study.StudyApplication for test class com.example.study.repository.UserRepositoryTest
23:52:10.995 [Test worker] DEBUG org.springframework.boot.test.context.SpringBootTestContextBootstrapper - @TestExecutionListeners is not present for class [com.example.study.repository.UserRepositoryTest]: using defaults.
23:52:10.996 [Test worker] INFO org.springframework.boot.test.context.SpringBootTestContextBootstrapper - Loaded default TestExecutionListener class names from location [META-INF/spring.factories]: [org.springframework.boot.test.autoconfigure.restdocs.RestDocsTestExecutionListener, org.springframework.boot.test.autoconfigure.web.client.MockRestServiceServerResetTestExecutionListener, org.springframework.boot.test.autoconfigure.web.servlet.MockMvcPrintOnlyOnFailureTestExecutionListener, org.springframework.boot.test.autoconfigure.web.servlet.WebDriverTestExecutionListener, org.springframework.boot.test.autoconfigure.webservices.client.MockWebServiceServerTestExecutionListener, org.springframework.boot.test.mock.mockito.MockitoTestExecutionListener, org.springframework.boot.test.mock.mockito.ResetMocksTestExecutionListener, org.springframework.test.context.web.ServletTestExecutionListener, org.springframework.test.context.support.DirtiesContextBeforeModesTestExecutionListener, org.springframework.test.context.support.DependencyInjectionTestExecutionListener, org.springframework.test.context.support.DirtiesContextTestExecutionListener, org.springframework.test.context.transaction.TransactionalTestExecutionListener, org.springframework.test.context.jdbc.SqlScriptsTestExecutionListener, org.springframework.test.context.event.EventPublishingTestExecutionListener]
23:52:11.017 [Test worker] INFO org.springframework.boot.test.context.SpringBootTestContextBootstrapper - Using TestExecutionListeners: [org.springframework.test.context.web.ServletTestExecutionListener@415ea5ba, org.springframework.test.context.support.DirtiesContextBeforeModesTestExecutionListener@6cb47c05, org.springframework.boot.test.mock.mockito.MockitoTestExecutionListener@58ab31fa, org.springframework.boot.test.autoconfigure.SpringBootDependencyInjectionTestExecutionListener@31221393, org.springframework.test.context.support.DirtiesContextTestExecutionListener@5e50378, org.springframework.test.context.transaction.TransactionalTestExecutionListener@4afe0395, org.springframework.test.context.jdbc.SqlScriptsTestExecutionListener@4b5bcfd1, org.springframework.test.context.event.EventPublishingTestExecutionListener@6a44e3a2, org.springframework.boot.test.autoconfigure.restdocs.RestDocsTestExecutionListener@4797d351, org.springframework.boot.test.autoconfigure.web.client.MockRestServiceServerResetTestExecutionListener@7dcf929d, org.springframework.boot.test.autoconfigure.web.servlet.MockMvcPrintOnlyOnFailureTestExecutionListener@68ffefb2, org.springframework.boot.test.autoconfigure.web.servlet.WebDriverTestExecutionListener@25eb58fc, org.springframework.boot.test.autoconfigure.webservices.client.MockWebServiceServerTestExecutionListener@5c1f1a4b, org.springframework.boot.test.mock.mockito.ResetMocksTestExecutionListener@5dc5302f]
23:52:11.022 [Test worker] DEBUG org.springframework.test.context.support.AbstractDirtiesContextTestExecutionListener - Before test class: context [DefaultTestContext@232e15e6 testClass = UserRepositoryTest, testInstance = [null], testMethod = [null], testException = [null], mergedContextConfiguration = [WebMergedContextConfiguration@5116248b testClass = UserRepositoryTest, locations = '{}', classes = '{class com.example.study.StudyApplication}', contextInitializerClasses = '[]', activeProfiles = '{}', propertySourceLocations = '{}', propertySourceProperties = '{org.springframework.boot.test.context.SpringBootTestContextBootstrapper=true}', contextCustomizers = set[org.springframework.boot.test.autoconfigure.properties.PropertyMappingContextCustomizer@0, org.springframework.boot.test.autoconfigure.web.servlet.WebDriverContextCustomizerFactory$Customizer@2bc2350d, org.springframework.boot.test.context.filter.ExcludeFilterContextCustomizer@45017c6f, org.springframework.boot.test.json.DuplicateJsonObjectContextCustomizerFactory$DuplicateJsonObjectContextCustomizer@d31018, org.springframework.boot.test.mock.mockito.MockitoContextCustomizer@0, org.springframework.boot.test.web.client.TestRestTemplateContextCustomizer@5f9914f2, org.springframework.boot.test.context.SpringBootTestArgs@1], resourceBasePath = 'src/main/webapp', contextLoader = 'org.springframework.boot.test.context.SpringBootContextLoader', parent = [null]], attributes = map['org.springframework.test.context.web.ServletTestExecutionListener.activateListener' -> true]], class annotated with @DirtiesContext [false] with mode [null].
23:52:11.048 [Test worker] DEBUG org.springframework.test.context.support.TestPropertySourceUtils - Adding inlined properties to environment: {spring.jmx.enabled=false, org.springframework.boot.test.context.SpringBootTestContextBootstrapper=true}

  .   ____          _            __ _ _
 /\\ / ___'_ __ _ _(_)_ __  __ _ \ \ \ \
( ( )\___ | '_ | '_| | '_ \/ _` | \ \ \ \
 \\/  ___)| |_)| | | | | || (_| |  ) ) ) )
  '  |____| .__|_| |_|_| |_\__, | / / / /
 =========|_|==============|___/=/_/_/_/
 :: Spring Boot ::        (v2.3.4.RELEASE)

2020-09-22 23:52:11.383  INFO 48738 --- [    Test worker] c.e.study.repository.UserRepositoryTest  : Starting UserRepositoryTest on jiyeong-ui-MacBookPro.local with PID 48738 (started by yoon in /Users/yoon/git/STUDY_SPRING/sourceCode)
2020-09-22 23:52:11.385  INFO 48738 --- [    Test worker] c.e.study.repository.UserRepositoryTest  : No active profile set, falling back to default profiles: default
2020-09-22 23:52:12.072  INFO 48738 --- [    Test worker] .s.d.r.c.RepositoryConfigurationDelegate : Bootstrapping Spring Data JPA repositories in DEFERRED mode.
2020-09-22 23:52:12.152  INFO 48738 --- [    Test worker] .s.d.r.c.RepositoryConfigurationDelegate : Finished Spring Data repository scanning in 68ms. Found 1 JPA repository interfaces.
2020-09-22 23:52:12.774  INFO 48738 --- [    Test worker] o.s.s.concurrent.ThreadPoolTaskExecutor  : Initializing ExecutorService 'applicationTaskExecutor'
2020-09-22 23:52:12.793  INFO 48738 --- [    Test worker] com.zaxxer.hikari.HikariDataSource       : HikariPool-1 - Starting...
2020-09-22 23:52:13.022  INFO 48738 --- [    Test worker] com.zaxxer.hikari.HikariDataSource       : HikariPool-1 - Start completed.
2020-09-22 23:52:13.202  INFO 48738 --- [         task-1] o.hibernate.jpa.internal.util.LogHelper  : HHH000204: Processing PersistenceUnitInfo [name: default]
2020-09-22 23:52:13.294  INFO 48738 --- [         task-1] org.hibernate.Version                    : HHH000412: Hibernate ORM core version 5.4.21.Final
2020-09-22 23:52:13.545  WARN 48738 --- [    Test worker] JpaBaseConfiguration$JpaWebConfiguration : spring.jpa.open-in-view is enabled by default. Therefore, database queries may be performed during view rendering. Explicitly configure spring.jpa.open-in-view to disable this warning
2020-09-22 23:52:13.567  INFO 48738 --- [         task-1] o.hibernate.annotations.common.Version   : HCANN000001: Hibernate Commons Annotations {5.1.0.Final}
2020-09-22 23:52:13.788  INFO 48738 --- [         task-1] org.hibernate.dialect.Dialect            : HHH000400: Using dialect: org.hibernate.dialect.MySQL8Dialect
2020-09-22 23:52:14.408  INFO 48738 --- [    Test worker] DeferredRepositoryInitializationListener : Triggering deferred initialization of Spring Data repositories…
2020-09-22 23:52:14.733  INFO 48738 --- [         task-1] o.h.e.t.j.p.i.JtaPlatformInitiator       : HHH000490: Using JtaPlatform implementation: [org.hibernate.engine.transaction.jta.platform.internal.NoJtaPlatform]
2020-09-22 23:52:14.743  INFO 48738 --- [         task-1] j.LocalContainerEntityManagerFactoryBean : Initialized JPA EntityManagerFactory for persistence unit 'default'
2020-09-22 23:52:14.972  INFO 48738 --- [    Test worker] DeferredRepositoryInitializationListener : Spring Data repositories initialized!
2020-09-22 23:52:14.983  INFO 48738 --- [    Test worker] c.e.study.repository.UserRepositoryTest  : Started UserRepositoryTest in 3.922 seconds (JVM running for 5.162)
Hibernate: select user0_.id as id1_0_0_, user0_.account as account2_0_0_, user0_.created_at as created_3_0_0_, user0_.created_by as created_4_0_0_, user0_.email as email5_0_0_, user0_.phone_number as phone_nu6_0_0_, user0_.updated_at as updated_7_0_0_, user0_.updated_by as updated_8_0_0_ from user user0_ where user0_.id=?
Hibernate: select user0_.id as id1_0_0_, user0_.account as account2_0_0_, user0_.created_at as created_3_0_0_, user0_.created_by as created_4_0_0_, user0_.email as email5_0_0_, user0_.phone_number as phone_nu6_0_0_, user0_.updated_at as updated_7_0_0_, user0_.updated_by as updated_8_0_0_ from user user0_ where user0_.id=?
Hibernate: delete from user where id=?
Hibernate: select user0_.id as id1_0_0_, user0_.account as account2_0_0_, user0_.created_at as created_3_0_0_, user0_.created_by as created_4_0_0_, user0_.email as email5_0_0_, user0_.phone_number as phone_nu6_0_0_, user0_.updated_at as updated_7_0_0_, user0_.updated_by as updated_8_0_0_ from user user0_ where user0_.id=?
No.....
]]></system-out>
  <system-err><![CDATA[]]></system-err>
</testsuite>
