<?xml version="1.0" encoding="UTF-8"?>
<testsuite name="com.example.study.repository.UserRepositoryTest" tests="1" skipped="0" failures="0" errors="0" timestamp="2020-10-01T13:18:16" hostname="jiyeong-ui-MacBookPro.local" time="0.54">
  <properties/>
  <testcase name="read()" classname="com.example.study.repository.UserRepositoryTest" time="0.54"/>
  <system-out><![CDATA[22:18:10.633 [Test worker] DEBUG org.springframework.test.context.BootstrapUtils - Instantiating CacheAwareContextLoaderDelegate from class [org.springframework.test.context.cache.DefaultCacheAwareContextLoaderDelegate]
22:18:10.649 [Test worker] DEBUG org.springframework.test.context.BootstrapUtils - Instantiating BootstrapContext using constructor [public org.springframework.test.context.support.DefaultBootstrapContext(java.lang.Class,org.springframework.test.context.CacheAwareContextLoaderDelegate)]
22:18:10.686 [Test worker] DEBUG org.springframework.test.context.BootstrapUtils - Instantiating TestContextBootstrapper for test class [com.example.study.repository.UserRepositoryTest] from class [org.springframework.boot.test.context.SpringBootTestContextBootstrapper]
22:18:10.707 [Test worker] INFO org.springframework.boot.test.context.SpringBootTestContextBootstrapper - Neither @ContextConfiguration nor @ContextHierarchy found for test class [com.example.study.repository.UserRepositoryTest], using SpringBootContextLoader
22:18:10.711 [Test worker] DEBUG org.springframework.test.context.support.AbstractContextLoader - Did not detect default resource location for test class [com.example.study.repository.UserRepositoryTest]: class path resource [com/example/study/repository/UserRepositoryTest-context.xml] does not exist
22:18:10.712 [Test worker] DEBUG org.springframework.test.context.support.AbstractContextLoader - Did not detect default resource location for test class [com.example.study.repository.UserRepositoryTest]: class path resource [com/example/study/repository/UserRepositoryTestContext.groovy] does not exist
22:18:10.712 [Test worker] INFO org.springframework.test.context.support.AbstractContextLoader - Could not detect default resource locations for test class [com.example.study.repository.UserRepositoryTest]: no resource found for suffixes {-context.xml, Context.groovy}.
22:18:10.713 [Test worker] INFO org.springframework.test.context.support.AnnotationConfigContextLoaderUtils - Could not detect default configuration classes for test class [com.example.study.repository.UserRepositoryTest]: UserRepositoryTest does not declare any static, non-private, non-final, nested classes annotated with @Configuration.
22:18:10.764 [Test worker] DEBUG org.springframework.test.context.support.ActiveProfilesUtils - Could not find an 'annotation declaring class' for annotation type [org.springframework.test.context.ActiveProfiles] and class [com.example.study.repository.UserRepositoryTest]
22:18:10.852 [Test worker] DEBUG org.springframework.context.annotation.ClassPathScanningCandidateComponentProvider - Identified candidate component class: file [/Users/yoon/git/STUDY_SPRING/sourceCode/build/classes/java/main/com/example/study/StudyApplication.class]
22:18:10.853 [Test worker] INFO org.springframework.boot.test.context.SpringBootTestContextBootstrapper - Found @SpringBootConfiguration com.example.study.StudyApplication for test class com.example.study.repository.UserRepositoryTest
22:18:10.964 [Test worker] DEBUG org.springframework.boot.test.context.SpringBootTestContextBootstrapper - @TestExecutionListeners is not present for class [com.example.study.repository.UserRepositoryTest]: using defaults.
22:18:10.965 [Test worker] INFO org.springframework.boot.test.context.SpringBootTestContextBootstrapper - Loaded default TestExecutionListener class names from location [META-INF/spring.factories]: [org.springframework.boot.test.autoconfigure.restdocs.RestDocsTestExecutionListener, org.springframework.boot.test.autoconfigure.web.client.MockRestServiceServerResetTestExecutionListener, org.springframework.boot.test.autoconfigure.web.servlet.MockMvcPrintOnlyOnFailureTestExecutionListener, org.springframework.boot.test.autoconfigure.web.servlet.WebDriverTestExecutionListener, org.springframework.boot.test.autoconfigure.webservices.client.MockWebServiceServerTestExecutionListener, org.springframework.boot.test.mock.mockito.MockitoTestExecutionListener, org.springframework.boot.test.mock.mockito.ResetMocksTestExecutionListener, org.springframework.test.context.web.ServletTestExecutionListener, org.springframework.test.context.support.DirtiesContextBeforeModesTestExecutionListener, org.springframework.test.context.support.DependencyInjectionTestExecutionListener, org.springframework.test.context.support.DirtiesContextTestExecutionListener, org.springframework.test.context.transaction.TransactionalTestExecutionListener, org.springframework.test.context.jdbc.SqlScriptsTestExecutionListener, org.springframework.test.context.event.EventPublishingTestExecutionListener]
22:18:10.988 [Test worker] INFO org.springframework.boot.test.context.SpringBootTestContextBootstrapper - Using TestExecutionListeners: [org.springframework.test.context.web.ServletTestExecutionListener@6d784eed, org.springframework.test.context.support.DirtiesContextBeforeModesTestExecutionListener@98aeebf, org.springframework.boot.test.mock.mockito.MockitoTestExecutionListener@3206d08d, org.springframework.boot.test.autoconfigure.SpringBootDependencyInjectionTestExecutionListener@3a1b4f4b, org.springframework.test.context.support.DirtiesContextTestExecutionListener@153b61c3, org.springframework.test.context.transaction.TransactionalTestExecutionListener@4b1a8acd, org.springframework.test.context.jdbc.SqlScriptsTestExecutionListener@4f1ca99b, org.springframework.test.context.event.EventPublishingTestExecutionListener@2f9dd624, org.springframework.boot.test.autoconfigure.restdocs.RestDocsTestExecutionListener@61668f6d, org.springframework.boot.test.autoconfigure.web.client.MockRestServiceServerResetTestExecutionListener@7e352d6e, org.springframework.boot.test.autoconfigure.web.servlet.MockMvcPrintOnlyOnFailureTestExecutionListener@54cf0342, org.springframework.boot.test.autoconfigure.web.servlet.WebDriverTestExecutionListener@15a2c309, org.springframework.boot.test.autoconfigure.webservices.client.MockWebServiceServerTestExecutionListener@40ea2b37, org.springframework.boot.test.mock.mockito.ResetMocksTestExecutionListener@17633019]
22:18:10.992 [Test worker] DEBUG org.springframework.test.context.support.AbstractDirtiesContextTestExecutionListener - Before test class: context [DefaultTestContext@27e7b7a6 testClass = UserRepositoryTest, testInstance = [null], testMethod = [null], testException = [null], mergedContextConfiguration = [WebMergedContextConfiguration@6aee1a02 testClass = UserRepositoryTest, locations = '{}', classes = '{class com.example.study.StudyApplication}', contextInitializerClasses = '[]', activeProfiles = '{}', propertySourceLocations = '{}', propertySourceProperties = '{org.springframework.boot.test.context.SpringBootTestContextBootstrapper=true}', contextCustomizers = set[org.springframework.boot.test.autoconfigure.properties.PropertyMappingContextCustomizer@0, org.springframework.boot.test.autoconfigure.web.servlet.WebDriverContextCustomizerFactory$Customizer@7f04c519, org.springframework.boot.test.context.filter.ExcludeFilterContextCustomizer@5e96e124, org.springframework.boot.test.json.DuplicateJsonObjectContextCustomizerFactory$DuplicateJsonObjectContextCustomizer@761a6b89, org.springframework.boot.test.mock.mockito.MockitoContextCustomizer@0, org.springframework.boot.test.web.client.TestRestTemplateContextCustomizer@c66430b, org.springframework.boot.test.context.SpringBootTestArgs@1], resourceBasePath = 'src/main/webapp', contextLoader = 'org.springframework.boot.test.context.SpringBootContextLoader', parent = [null]], attributes = map['org.springframework.test.context.web.ServletTestExecutionListener.activateListener' -> true]], class annotated with @DirtiesContext [false] with mode [null].
22:18:11.023 [Test worker] DEBUG org.springframework.test.context.support.TestPropertySourceUtils - Adding inlined properties to environment: {spring.jmx.enabled=false, org.springframework.boot.test.context.SpringBootTestContextBootstrapper=true}

  .   ____          _            __ _ _
 /\\ / ___'_ __ _ _(_)_ __  __ _ \ \ \ \
( ( )\___ | '_ | '_| | '_ \/ _` | \ \ \ \
 \\/  ___)| |_)| | | | | || (_| |  ) ) ) )
  '  |____| .__|_| |_|_| |_\__, | / / / /
 =========|_|==============|___/=/_/_/_/
 :: Spring Boot ::        (v2.3.4.RELEASE)

2020-10-01 22:18:11.483  INFO 45485 --- [    Test worker] c.e.study.repository.UserRepositoryTest  : Starting UserRepositoryTest on jiyeong-ui-MacBookPro.local with PID 45485 (started by yoon in /Users/yoon/git/STUDY_SPRING/sourceCode)
2020-10-01 22:18:11.485  INFO 45485 --- [    Test worker] c.e.study.repository.UserRepositoryTest  : No active profile set, falling back to default profiles: default
2020-10-01 22:18:12.176  INFO 45485 --- [    Test worker] .s.d.r.c.RepositoryConfigurationDelegate : Bootstrapping Spring Data JPA repositories in DEFERRED mode.
2020-10-01 22:18:12.280  INFO 45485 --- [    Test worker] .s.d.r.c.RepositoryConfigurationDelegate : Finished Spring Data repository scanning in 86ms. Found 7 JPA repository interfaces.
2020-10-01 22:18:12.899  INFO 45485 --- [    Test worker] o.s.s.concurrent.ThreadPoolTaskExecutor  : Initializing ExecutorService 'applicationTaskExecutor'
2020-10-01 22:18:12.921  INFO 45485 --- [    Test worker] com.zaxxer.hikari.HikariDataSource       : HikariPool-1 - Starting...
2020-10-01 22:18:13.134  INFO 45485 --- [    Test worker] com.zaxxer.hikari.HikariDataSource       : HikariPool-1 - Start completed.
2020-10-01 22:18:13.285  INFO 45485 --- [         task-1] o.hibernate.jpa.internal.util.LogHelper  : HHH000204: Processing PersistenceUnitInfo [name: default]
2020-10-01 22:18:13.375  INFO 45485 --- [         task-1] org.hibernate.Version                    : HHH000412: Hibernate ORM core version 5.4.21.Final
2020-10-01 22:18:13.781  WARN 45485 --- [    Test worker] JpaBaseConfiguration$JpaWebConfiguration : spring.jpa.open-in-view is enabled by default. Therefore, database queries may be performed during view rendering. Explicitly configure spring.jpa.open-in-view to disable this warning
2020-10-01 22:18:13.805  INFO 45485 --- [         task-1] o.hibernate.annotations.common.Version   : HCANN000001: Hibernate Commons Annotations {5.1.0.Final}
2020-10-01 22:18:14.052  INFO 45485 --- [         task-1] org.hibernate.dialect.Dialect            : HHH000400: Using dialect: org.hibernate.dialect.MySQL8Dialect
2020-10-01 22:18:15.394  INFO 45485 --- [    Test worker] DeferredRepositoryInitializationListener : Triggering deferred initialization of Spring Data repositories…
2020-10-01 22:18:16.220  INFO 45485 --- [         task-1] o.h.e.t.j.p.i.JtaPlatformInitiator       : HHH000490: Using JtaPlatform implementation: [org.hibernate.engine.transaction.jta.platform.internal.NoJtaPlatform]
2020-10-01 22:18:16.230  INFO 45485 --- [         task-1] j.LocalContainerEntityManagerFactoryBean : Initialized JPA EntityManagerFactory for persistence unit 'default'
2020-10-01 22:18:16.785  INFO 45485 --- [    Test worker] DeferredRepositoryInitializationListener : Spring Data repositories initialized!
2020-10-01 22:18:16.797  INFO 45485 --- [    Test worker] c.e.study.repository.UserRepositoryTest  : Started UserRepositoryTest in 5.763 seconds (JVM running for 7.116)
2020-10-01 22:18:16.837  INFO 45485 --- [    Test worker] o.s.t.c.transaction.TransactionContext   : Began transaction (1) for test context [DefaultTestContext@27e7b7a6 testClass = UserRepositoryTest, testInstance = com.example.study.repository.UserRepositoryTest@6315424, testMethod = read@UserRepositoryTest, testException = [null], mergedContextConfiguration = [WebMergedContextConfiguration@6aee1a02 testClass = UserRepositoryTest, locations = '{}', classes = '{class com.example.study.StudyApplication}', contextInitializerClasses = '[]', activeProfiles = '{}', propertySourceLocations = '{}', propertySourceProperties = '{org.springframework.boot.test.context.SpringBootTestContextBootstrapper=true}', contextCustomizers = set[org.springframework.boot.test.autoconfigure.properties.PropertyMappingContextCustomizer@0, org.springframework.boot.test.autoconfigure.web.servlet.WebDriverContextCustomizerFactory$Customizer@7f04c519, org.springframework.boot.test.context.filter.ExcludeFilterContextCustomizer@5e96e124, org.springframework.boot.test.json.DuplicateJsonObjectContextCustomizerFactory$DuplicateJsonObjectContextCustomizer@761a6b89, org.springframework.boot.test.mock.mockito.MockitoContextCustomizer@0, org.springframework.boot.test.web.client.TestRestTemplateContextCustomizer@c66430b, org.springframework.boot.test.context.SpringBootTestArgs@1], resourceBasePath = 'src/main/webapp', contextLoader = 'org.springframework.boot.test.context.SpringBootContextLoader', parent = [null]], attributes = map['org.springframework.test.context.web.ServletTestExecutionListener.activateListener' -> true, 'org.springframework.test.context.web.ServletTestExecutionListener.populatedRequestContextHolder' -> true, 'org.springframework.test.context.web.ServletTestExecutionListener.resetRequestContextHolder' -> true]]; transaction manager [org.springframework.orm.jpa.JpaTransactionManager@b507cfa]; rollback [true]
Hibernate: select user0_.id as id1_6_, user0_.account as account2_6_, user0_.created_at as created_3_6_, user0_.created_by as created_4_6_, user0_.email as email5_6_, user0_.password as password6_6_, user0_.phone_number as phone_nu7_6_, user0_.registered_at as register8_6_, user0_.status as status9_6_, user0_.unregistered_at as unregis10_6_, user0_.updated_at as updated11_6_, user0_.updated_by as updated12_6_ from user user0_ where user0_.phone_number=? order by user0_.id desc limit ?
Hibernate: select ordergroup0_.user_id as user_id15_4_0_, ordergroup0_.id as id1_4_0_, ordergroup0_.id as id1_4_1_, ordergroup0_.arrival_date as arrival_2_4_1_, ordergroup0_.created_at as created_3_4_1_, ordergroup0_.created_by as created_4_4_1_, ordergroup0_.order_at as order_at5_4_1_, ordergroup0_.order_type as order_ty6_4_1_, ordergroup0_.payment_type as payment_7_4_1_, ordergroup0_.rev_address as rev_addr8_4_1_, ordergroup0_.rev_name as rev_name9_4_1_, ordergroup0_.status as status10_4_1_, ordergroup0_.total_price as total_p11_4_1_, ordergroup0_.total_quantity as total_q12_4_1_, ordergroup0_.updated_at as updated13_4_1_, ordergroup0_.updated_by as updated14_4_1_, ordergroup0_.user_id as user_id15_4_1_ from order_group ordergroup0_ where ordergroup0_.user_id=?
----------------주문묶음------------------
수령인: 홍길동
수령지: 서울시 강남구
총금액: 900000.0000
총수량: 1
----------------주문상세------------------
Hibernate: select orderdetai0_.order_group_id as order_g11_3_0_, orderdetai0_.id as id1_3_0_, orderdetai0_.id as id1_3_1_, orderdetai0_.arrival_date as arrival_2_3_1_, orderdetai0_.created_at as created_3_3_1_, orderdetai0_.created_by as created_4_3_1_, orderdetai0_.item_id as item_id10_3_1_, orderdetai0_.order_group_id as order_g11_3_1_, orderdetai0_.quantity as quantity5_3_1_, orderdetai0_.status as status6_3_1_, orderdetai0_.total_price as total_pr7_3_1_, orderdetai0_.updated_at as updated_8_3_1_, orderdetai0_.updated_by as updated_9_3_1_, item1_.id as id1_2_2_, item1_.brand_name as brand_na2_2_2_, item1_.content as content3_2_2_, item1_.created_at as created_4_2_2_, item1_.created_by as created_5_2_2_, item1_.name as name6_2_2_, item1_.partner_id as partner14_2_2_, item1_.price as price7_2_2_, item1_.registered_at as register8_2_2_, item1_.status as status9_2_2_, item1_.title as title10_2_2_, item1_.unregistered_at as unregis11_2_2_, item1_.updated_at as updated12_2_2_, item1_.updated_by as updated13_2_2_, partner2_.id as id1_5_3_, partner2_.address as address2_5_3_, partner2_.business_number as business3_5_3_, partner2_.call_center as call_cen4_5_3_, partner2_.category_id as categor15_5_3_, partner2_.ceo_name as ceo_name5_5_3_, partner2_.created_at as created_6_5_3_, partner2_.created_by as created_7_5_3_, partner2_.name as name8_5_3_, partner2_.partner_number as partner_9_5_3_, partner2_.registered_at as registe10_5_3_, partner2_.status as status11_5_3_, partner2_.unregistered_at as unregis12_5_3_, partner2_.updated_at as updated13_5_3_, partner2_.updated_by as updated14_5_3_ from order_detail orderdetai0_ left outer join item item1_ on orderdetai0_.item_id=item1_.id left outer join partner partner2_ on item1_.partner_id=partner2_.id where orderdetai0_.order_group_id=?
Hibernate: select category0_.id as id1_1_0_, category0_.created_at as created_2_1_0_, category0_.created_by as created_3_1_0_, category0_.title as title4_1_0_, category0_.type as type5_1_0_, category0_.updated_at as updated_6_1_0_, category0_.updated_by as updated_7_1_0_ from category category0_ where category0_.id=?
파트너사 이름: Partner01
파트너사 카테고리: 컴퓨터
주문 상품: 삼성 노트북
고객센터 번호: 070-1111-2222
주문의 상태: WAITING
도착예정일자: 2020-09-29T21:38:28
2020-10-01 22:18:17.361  INFO 45485 --- [    Test worker] o.s.t.c.transaction.TransactionContext   : Rolled back transaction for test: [DefaultTestContext@27e7b7a6 testClass = UserRepositoryTest, testInstance = com.example.study.repository.UserRepositoryTest@6315424, testMethod = read@UserRepositoryTest, testException = [null], mergedContextConfiguration = [WebMergedContextConfiguration@6aee1a02 testClass = UserRepositoryTest, locations = '{}', classes = '{class com.example.study.StudyApplication}', contextInitializerClasses = '[]', activeProfiles = '{}', propertySourceLocations = '{}', propertySourceProperties = '{org.springframework.boot.test.context.SpringBootTestContextBootstrapper=true}', contextCustomizers = set[org.springframework.boot.test.autoconfigure.properties.PropertyMappingContextCustomizer@0, org.springframework.boot.test.autoconfigure.web.servlet.WebDriverContextCustomizerFactory$Customizer@7f04c519, org.springframework.boot.test.context.filter.ExcludeFilterContextCustomizer@5e96e124, org.springframework.boot.test.json.DuplicateJsonObjectContextCustomizerFactory$DuplicateJsonObjectContextCustomizer@761a6b89, org.springframework.boot.test.mock.mockito.MockitoContextCustomizer@0, org.springframework.boot.test.web.client.TestRestTemplateContextCustomizer@c66430b, org.springframework.boot.test.context.SpringBootTestArgs@1], resourceBasePath = 'src/main/webapp', contextLoader = 'org.springframework.boot.test.context.SpringBootContextLoader', parent = [null]], attributes = map['org.springframework.test.context.web.ServletTestExecutionListener.activateListener' -> true, 'org.springframework.test.context.web.ServletTestExecutionListener.populatedRequestContextHolder' -> true, 'org.springframework.test.context.web.ServletTestExecutionListener.resetRequestContextHolder' -> true]]
]]></system-out>
  <system-err><![CDATA[]]></system-err>
</testsuite>
