<?xml version="1.0" encoding="UTF-8"?>
<testsuite name="com.example.study.repository.AdminUserRepositoryTest" tests="1" skipped="0" failures="0" errors="0" timestamp="2020-09-27T12:53:41" hostname="jiyeong-ui-MacBookPro.local" time="0.195">
  <properties/>
  <testcase name="create()" classname="com.example.study.repository.AdminUserRepositoryTest" time="0.195"/>
  <system-out><![CDATA[21:53:35.435 [Test worker] DEBUG org.springframework.test.context.BootstrapUtils - Instantiating CacheAwareContextLoaderDelegate from class [org.springframework.test.context.cache.DefaultCacheAwareContextLoaderDelegate]
21:53:35.453 [Test worker] DEBUG org.springframework.test.context.BootstrapUtils - Instantiating BootstrapContext using constructor [public org.springframework.test.context.support.DefaultBootstrapContext(java.lang.Class,org.springframework.test.context.CacheAwareContextLoaderDelegate)]
21:53:35.488 [Test worker] DEBUG org.springframework.test.context.BootstrapUtils - Instantiating TestContextBootstrapper for test class [com.example.study.repository.AdminUserRepositoryTest] from class [org.springframework.boot.test.context.SpringBootTestContextBootstrapper]
21:53:35.512 [Test worker] INFO org.springframework.boot.test.context.SpringBootTestContextBootstrapper - Neither @ContextConfiguration nor @ContextHierarchy found for test class [com.example.study.repository.AdminUserRepositoryTest], using SpringBootContextLoader
21:53:35.518 [Test worker] DEBUG org.springframework.test.context.support.AbstractContextLoader - Did not detect default resource location for test class [com.example.study.repository.AdminUserRepositoryTest]: class path resource [com/example/study/repository/AdminUserRepositoryTest-context.xml] does not exist
21:53:35.519 [Test worker] DEBUG org.springframework.test.context.support.AbstractContextLoader - Did not detect default resource location for test class [com.example.study.repository.AdminUserRepositoryTest]: class path resource [com/example/study/repository/AdminUserRepositoryTestContext.groovy] does not exist
21:53:35.519 [Test worker] INFO org.springframework.test.context.support.AbstractContextLoader - Could not detect default resource locations for test class [com.example.study.repository.AdminUserRepositoryTest]: no resource found for suffixes {-context.xml, Context.groovy}.
21:53:35.520 [Test worker] INFO org.springframework.test.context.support.AnnotationConfigContextLoaderUtils - Could not detect default configuration classes for test class [com.example.study.repository.AdminUserRepositoryTest]: AdminUserRepositoryTest does not declare any static, non-private, non-final, nested classes annotated with @Configuration.
21:53:35.573 [Test worker] DEBUG org.springframework.test.context.support.ActiveProfilesUtils - Could not find an 'annotation declaring class' for annotation type [org.springframework.test.context.ActiveProfiles] and class [com.example.study.repository.AdminUserRepositoryTest]
21:53:35.692 [Test worker] DEBUG org.springframework.context.annotation.ClassPathScanningCandidateComponentProvider - Identified candidate component class: file [/Users/yoon/git/STUDY_SPRING/sourceCode/build/classes/java/main/com/example/study/StudyApplication.class]
21:53:35.693 [Test worker] INFO org.springframework.boot.test.context.SpringBootTestContextBootstrapper - Found @SpringBootConfiguration com.example.study.StudyApplication for test class com.example.study.repository.AdminUserRepositoryTest
21:53:35.821 [Test worker] DEBUG org.springframework.boot.test.context.SpringBootTestContextBootstrapper - @TestExecutionListeners is not present for class [com.example.study.repository.AdminUserRepositoryTest]: using defaults.
21:53:35.821 [Test worker] INFO org.springframework.boot.test.context.SpringBootTestContextBootstrapper - Loaded default TestExecutionListener class names from location [META-INF/spring.factories]: [org.springframework.boot.test.autoconfigure.restdocs.RestDocsTestExecutionListener, org.springframework.boot.test.autoconfigure.web.client.MockRestServiceServerResetTestExecutionListener, org.springframework.boot.test.autoconfigure.web.servlet.MockMvcPrintOnlyOnFailureTestExecutionListener, org.springframework.boot.test.autoconfigure.web.servlet.WebDriverTestExecutionListener, org.springframework.boot.test.autoconfigure.webservices.client.MockWebServiceServerTestExecutionListener, org.springframework.boot.test.mock.mockito.MockitoTestExecutionListener, org.springframework.boot.test.mock.mockito.ResetMocksTestExecutionListener, org.springframework.test.context.web.ServletTestExecutionListener, org.springframework.test.context.support.DirtiesContextBeforeModesTestExecutionListener, org.springframework.test.context.support.DependencyInjectionTestExecutionListener, org.springframework.test.context.support.DirtiesContextTestExecutionListener, org.springframework.test.context.transaction.TransactionalTestExecutionListener, org.springframework.test.context.jdbc.SqlScriptsTestExecutionListener, org.springframework.test.context.event.EventPublishingTestExecutionListener]
21:53:35.846 [Test worker] INFO org.springframework.boot.test.context.SpringBootTestContextBootstrapper - Using TestExecutionListeners: [org.springframework.test.context.web.ServletTestExecutionListener@7b202938, org.springframework.test.context.support.DirtiesContextBeforeModesTestExecutionListener@271c02e1, org.springframework.boot.test.mock.mockito.MockitoTestExecutionListener@76092976, org.springframework.boot.test.autoconfigure.SpringBootDependencyInjectionTestExecutionListener@32aa7400, org.springframework.test.context.support.DirtiesContextTestExecutionListener@4839e284, org.springframework.test.context.transaction.TransactionalTestExecutionListener@f75ea68, org.springframework.test.context.jdbc.SqlScriptsTestExecutionListener@30883069, org.springframework.test.context.event.EventPublishingTestExecutionListener@5163580c, org.springframework.boot.test.autoconfigure.restdocs.RestDocsTestExecutionListener@56c9bd66, org.springframework.boot.test.autoconfigure.web.client.MockRestServiceServerResetTestExecutionListener@764f2b7d, org.springframework.boot.test.autoconfigure.web.servlet.MockMvcPrintOnlyOnFailureTestExecutionListener@7b556a5, org.springframework.boot.test.autoconfigure.web.servlet.WebDriverTestExecutionListener@4c5ddd67, org.springframework.boot.test.autoconfigure.webservices.client.MockWebServiceServerTestExecutionListener@57e46b07, org.springframework.boot.test.mock.mockito.ResetMocksTestExecutionListener@58ffb645]
21:53:35.851 [Test worker] DEBUG org.springframework.test.context.support.AbstractDirtiesContextTestExecutionListener - Before test class: context [DefaultTestContext@3d7a4086 testClass = AdminUserRepositoryTest, testInstance = [null], testMethod = [null], testException = [null], mergedContextConfiguration = [WebMergedContextConfiguration@72387a6f testClass = AdminUserRepositoryTest, locations = '{}', classes = '{class com.example.study.StudyApplication}', contextInitializerClasses = '[]', activeProfiles = '{}', propertySourceLocations = '{}', propertySourceProperties = '{org.springframework.boot.test.context.SpringBootTestContextBootstrapper=true}', contextCustomizers = set[org.springframework.boot.test.autoconfigure.properties.PropertyMappingContextCustomizer@0, org.springframework.boot.test.autoconfigure.web.servlet.WebDriverContextCustomizerFactory$Customizer@523d6907, org.springframework.boot.test.context.filter.ExcludeFilterContextCustomizer@52e28b98, org.springframework.boot.test.json.DuplicateJsonObjectContextCustomizerFactory$DuplicateJsonObjectContextCustomizer@5c58bf94, org.springframework.boot.test.mock.mockito.MockitoContextCustomizer@0, org.springframework.boot.test.web.client.TestRestTemplateContextCustomizer@56f218d0, org.springframework.boot.test.context.SpringBootTestArgs@1], resourceBasePath = 'src/main/webapp', contextLoader = 'org.springframework.boot.test.context.SpringBootContextLoader', parent = [null]], attributes = map['org.springframework.test.context.web.ServletTestExecutionListener.activateListener' -> true]], class annotated with @DirtiesContext [false] with mode [null].
21:53:35.882 [Test worker] DEBUG org.springframework.test.context.support.TestPropertySourceUtils - Adding inlined properties to environment: {spring.jmx.enabled=false, org.springframework.boot.test.context.SpringBootTestContextBootstrapper=true}

  .   ____          _            __ _ _
 /\\ / ___'_ __ _ _(_)_ __  __ _ \ \ \ \
( ( )\___ | '_ | '_| | '_ \/ _` | \ \ \ \
 \\/  ___)| |_)| | | | | || (_| |  ) ) ) )
  '  |____| .__|_| |_|_| |_\__, | / / / /
 =========|_|==============|___/=/_/_/_/
 :: Spring Boot ::        (v2.3.4.RELEASE)

2020-09-27 21:53:36.515  INFO 22086 --- [    Test worker] c.e.s.r.AdminUserRepositoryTest          : Starting AdminUserRepositoryTest on jiyeong-ui-MacBookPro.local with PID 22086 (started by yoon in /Users/yoon/git/STUDY_SPRING/sourceCode)
2020-09-27 21:53:36.517  INFO 22086 --- [    Test worker] c.e.s.r.AdminUserRepositoryTest          : No active profile set, falling back to default profiles: default
2020-09-27 21:53:37.471  INFO 22086 --- [    Test worker] .s.d.r.c.RepositoryConfigurationDelegate : Bootstrapping Spring Data JPA repositories in DEFERRED mode.
2020-09-27 21:53:37.600  INFO 22086 --- [    Test worker] .s.d.r.c.RepositoryConfigurationDelegate : Finished Spring Data repository scanning in 103ms. Found 7 JPA repository interfaces.
2020-09-27 21:53:38.484  INFO 22086 --- [    Test worker] o.s.s.concurrent.ThreadPoolTaskExecutor  : Initializing ExecutorService 'applicationTaskExecutor'
2020-09-27 21:53:38.513  INFO 22086 --- [    Test worker] com.zaxxer.hikari.HikariDataSource       : HikariPool-1 - Starting...
2020-09-27 21:53:38.840  INFO 22086 --- [    Test worker] com.zaxxer.hikari.HikariDataSource       : HikariPool-1 - Start completed.
2020-09-27 21:53:39.032  INFO 22086 --- [         task-1] o.hibernate.jpa.internal.util.LogHelper  : HHH000204: Processing PersistenceUnitInfo [name: default]
2020-09-27 21:53:39.112  INFO 22086 --- [         task-1] org.hibernate.Version                    : HHH000412: Hibernate ORM core version 5.4.21.Final
2020-09-27 21:53:39.411  WARN 22086 --- [    Test worker] JpaBaseConfiguration$JpaWebConfiguration : spring.jpa.open-in-view is enabled by default. Therefore, database queries may be performed during view rendering. Explicitly configure spring.jpa.open-in-view to disable this warning
2020-09-27 21:53:39.420  INFO 22086 --- [         task-1] o.hibernate.annotations.common.Version   : HCANN000001: Hibernate Commons Annotations {5.1.0.Final}
2020-09-27 21:53:39.670  INFO 22086 --- [         task-1] org.hibernate.dialect.Dialect            : HHH000400: Using dialect: org.hibernate.dialect.MySQL8Dialect
2020-09-27 21:53:40.612  INFO 22086 --- [    Test worker] DeferredRepositoryInitializationListener : Triggering deferred initialization of Spring Data repositories…
2020-09-27 21:53:41.181  INFO 22086 --- [         task-1] o.h.e.t.j.p.i.JtaPlatformInitiator       : HHH000490: Using JtaPlatform implementation: [org.hibernate.engine.transaction.jta.platform.internal.NoJtaPlatform]
2020-09-27 21:53:41.207  INFO 22086 --- [         task-1] j.LocalContainerEntityManagerFactoryBean : Initialized JPA EntityManagerFactory for persistence unit 'default'
2020-09-27 21:53:41.812  INFO 22086 --- [    Test worker] DeferredRepositoryInitializationListener : Spring Data repositories initialized!
2020-09-27 21:53:41.825  INFO 22086 --- [    Test worker] c.e.s.r.AdminUserRepositoryTest          : Started AdminUserRepositoryTest in 5.93 seconds (JVM running for 7.459)
Hibernate: insert into admin_user (account, created_at, created_by, last_login_at, login_fail_count, password, password_updated_at, registered_at, role, status, unregistered_at, updated_at, updated_by) values (?, ?, ?, ?, ?, ?, ?, ?, ?, ?, ?, ?, ?)
]]></system-out>
  <system-err><![CDATA[]]></system-err>
</testsuite>
