<?xml version="1.0" encoding="UTF-8"?>
<testsuite name="com.example.study.repository.UserRepositoryTest" tests="1" skipped="0" failures="0" errors="0" timestamp="2020-09-27T07:33:40" hostname="jiyeong-ui-MacBookPro.local" time="0.512">
  <properties/>
  <testcase name="read()" classname="com.example.study.repository.UserRepositoryTest" time="0.512"/>
  <system-out><![CDATA[16:33:34.358 [Test worker] DEBUG org.springframework.test.context.BootstrapUtils - Instantiating CacheAwareContextLoaderDelegate from class [org.springframework.test.context.cache.DefaultCacheAwareContextLoaderDelegate]
16:33:34.373 [Test worker] DEBUG org.springframework.test.context.BootstrapUtils - Instantiating BootstrapContext using constructor [public org.springframework.test.context.support.DefaultBootstrapContext(java.lang.Class,org.springframework.test.context.CacheAwareContextLoaderDelegate)]
16:33:34.410 [Test worker] DEBUG org.springframework.test.context.BootstrapUtils - Instantiating TestContextBootstrapper for test class [com.example.study.repository.UserRepositoryTest] from class [org.springframework.boot.test.context.SpringBootTestContextBootstrapper]
16:33:34.432 [Test worker] INFO org.springframework.boot.test.context.SpringBootTestContextBootstrapper - Neither @ContextConfiguration nor @ContextHierarchy found for test class [com.example.study.repository.UserRepositoryTest], using SpringBootContextLoader
16:33:34.470 [Test worker] DEBUG org.springframework.test.context.support.AbstractContextLoader - Did not detect default resource location for test class [com.example.study.repository.UserRepositoryTest]: class path resource [com/example/study/repository/UserRepositoryTest-context.xml] does not exist
16:33:34.472 [Test worker] DEBUG org.springframework.test.context.support.AbstractContextLoader - Did not detect default resource location for test class [com.example.study.repository.UserRepositoryTest]: class path resource [com/example/study/repository/UserRepositoryTestContext.groovy] does not exist
16:33:34.474 [Test worker] INFO org.springframework.test.context.support.AbstractContextLoader - Could not detect default resource locations for test class [com.example.study.repository.UserRepositoryTest]: no resource found for suffixes {-context.xml, Context.groovy}.
16:33:34.478 [Test worker] INFO org.springframework.test.context.support.AnnotationConfigContextLoaderUtils - Could not detect default configuration classes for test class [com.example.study.repository.UserRepositoryTest]: UserRepositoryTest does not declare any static, non-private, non-final, nested classes annotated with @Configuration.
16:33:34.591 [Test worker] DEBUG org.springframework.test.context.support.ActiveProfilesUtils - Could not find an 'annotation declaring class' for annotation type [org.springframework.test.context.ActiveProfiles] and class [com.example.study.repository.UserRepositoryTest]
16:33:34.700 [Test worker] DEBUG org.springframework.context.annotation.ClassPathScanningCandidateComponentProvider - Identified candidate component class: file [/Users/yoon/git/STUDY_SPRING/sourceCode/build/classes/java/main/com/example/study/StudyApplication.class]
16:33:34.701 [Test worker] INFO org.springframework.boot.test.context.SpringBootTestContextBootstrapper - Found @SpringBootConfiguration com.example.study.StudyApplication for test class com.example.study.repository.UserRepositoryTest
16:33:34.943 [Test worker] DEBUG org.springframework.boot.test.context.SpringBootTestContextBootstrapper - @TestExecutionListeners is not present for class [com.example.study.repository.UserRepositoryTest]: using defaults.
16:33:34.944 [Test worker] INFO org.springframework.boot.test.context.SpringBootTestContextBootstrapper - Loaded default TestExecutionListener class names from location [META-INF/spring.factories]: [org.springframework.boot.test.autoconfigure.restdocs.RestDocsTestExecutionListener, org.springframework.boot.test.autoconfigure.web.client.MockRestServiceServerResetTestExecutionListener, org.springframework.boot.test.autoconfigure.web.servlet.MockMvcPrintOnlyOnFailureTestExecutionListener, org.springframework.boot.test.autoconfigure.web.servlet.WebDriverTestExecutionListener, org.springframework.boot.test.autoconfigure.webservices.client.MockWebServiceServerTestExecutionListener, org.springframework.boot.test.mock.mockito.MockitoTestExecutionListener, org.springframework.boot.test.mock.mockito.ResetMocksTestExecutionListener, org.springframework.test.context.web.ServletTestExecutionListener, org.springframework.test.context.support.DirtiesContextBeforeModesTestExecutionListener, org.springframework.test.context.support.DependencyInjectionTestExecutionListener, org.springframework.test.context.support.DirtiesContextTestExecutionListener, org.springframework.test.context.transaction.TransactionalTestExecutionListener, org.springframework.test.context.jdbc.SqlScriptsTestExecutionListener, org.springframework.test.context.event.EventPublishingTestExecutionListener]
16:33:34.968 [Test worker] INFO org.springframework.boot.test.context.SpringBootTestContextBootstrapper - Using TestExecutionListeners: [org.springframework.test.context.web.ServletTestExecutionListener@58509f09, org.springframework.test.context.support.DirtiesContextBeforeModesTestExecutionListener@5546cda6, org.springframework.boot.test.mock.mockito.MockitoTestExecutionListener@676093bb, org.springframework.boot.test.autoconfigure.SpringBootDependencyInjectionTestExecutionListener@274f466, org.springframework.test.context.support.DirtiesContextTestExecutionListener@5e809bf6, org.springframework.test.context.transaction.TransactionalTestExecutionListener@3dc8567d, org.springframework.test.context.jdbc.SqlScriptsTestExecutionListener@5ed6f734, org.springframework.test.context.event.EventPublishingTestExecutionListener@7b24ef4c, org.springframework.boot.test.autoconfigure.restdocs.RestDocsTestExecutionListener@21a194f5, org.springframework.boot.test.autoconfigure.web.client.MockRestServiceServerResetTestExecutionListener@5e254502, org.springframework.boot.test.autoconfigure.web.servlet.MockMvcPrintOnlyOnFailureTestExecutionListener@37a376a5, org.springframework.boot.test.autoconfigure.web.servlet.WebDriverTestExecutionListener@6ba1b192, org.springframework.boot.test.autoconfigure.webservices.client.MockWebServiceServerTestExecutionListener@460a962f, org.springframework.boot.test.mock.mockito.ResetMocksTestExecutionListener@3273c6b9]
16:33:34.977 [Test worker] DEBUG org.springframework.test.context.support.AbstractDirtiesContextTestExecutionListener - Before test class: context [DefaultTestContext@2823eccc testClass = UserRepositoryTest, testInstance = [null], testMethod = [null], testException = [null], mergedContextConfiguration = [WebMergedContextConfiguration@50b3e31b testClass = UserRepositoryTest, locations = '{}', classes = '{class com.example.study.StudyApplication}', contextInitializerClasses = '[]', activeProfiles = '{}', propertySourceLocations = '{}', propertySourceProperties = '{org.springframework.boot.test.context.SpringBootTestContextBootstrapper=true}', contextCustomizers = set[org.springframework.boot.test.autoconfigure.properties.PropertyMappingContextCustomizer@0, org.springframework.boot.test.autoconfigure.web.servlet.WebDriverContextCustomizerFactory$Customizer@15f96c5c, org.springframework.boot.test.context.filter.ExcludeFilterContextCustomizer@2a3b28c0, org.springframework.boot.test.json.DuplicateJsonObjectContextCustomizerFactory$DuplicateJsonObjectContextCustomizer@589798b7, org.springframework.boot.test.mock.mockito.MockitoContextCustomizer@0, org.springframework.boot.test.web.client.TestRestTemplateContextCustomizer@2d74644b, org.springframework.boot.test.context.SpringBootTestArgs@1], resourceBasePath = 'src/main/webapp', contextLoader = 'org.springframework.boot.test.context.SpringBootContextLoader', parent = [null]], attributes = map['org.springframework.test.context.web.ServletTestExecutionListener.activateListener' -> true]], class annotated with @DirtiesContext [false] with mode [null].
16:33:35.033 [Test worker] DEBUG org.springframework.test.context.support.TestPropertySourceUtils - Adding inlined properties to environment: {spring.jmx.enabled=false, org.springframework.boot.test.context.SpringBootTestContextBootstrapper=true}

  .   ____          _            __ _ _
 /\\ / ___'_ __ _ _(_)_ __  __ _ \ \ \ \
( ( )\___ | '_ | '_| | '_ \/ _` | \ \ \ \
 \\/  ___)| |_)| | | | | || (_| |  ) ) ) )
  '  |____| .__|_| |_|_| |_\__, | / / / /
 =========|_|==============|___/=/_/_/_/
 :: Spring Boot ::        (v2.3.4.RELEASE)

2020-09-27 16:33:35.846  INFO 19040 --- [    Test worker] c.e.study.repository.UserRepositoryTest  : Starting UserRepositoryTest on jiyeong-ui-MacBookPro.local with PID 19040 (started by yoon in /Users/yoon/git/STUDY_SPRING/sourceCode)
2020-09-27 16:33:35.849  INFO 19040 --- [    Test worker] c.e.study.repository.UserRepositoryTest  : No active profile set, falling back to default profiles: default
2020-09-27 16:33:36.904  INFO 19040 --- [    Test worker] .s.d.r.c.RepositoryConfigurationDelegate : Bootstrapping Spring Data JPA repositories in DEFERRED mode.
2020-09-27 16:33:37.012  INFO 19040 --- [    Test worker] .s.d.r.c.RepositoryConfigurationDelegate : Finished Spring Data repository scanning in 92ms. Found 3 JPA repository interfaces.
2020-09-27 16:33:37.826  INFO 19040 --- [    Test worker] o.s.s.concurrent.ThreadPoolTaskExecutor  : Initializing ExecutorService 'applicationTaskExecutor'
2020-09-27 16:33:37.858  INFO 19040 --- [    Test worker] com.zaxxer.hikari.HikariDataSource       : HikariPool-1 - Starting...
2020-09-27 16:33:38.149  INFO 19040 --- [    Test worker] com.zaxxer.hikari.HikariDataSource       : HikariPool-1 - Start completed.
2020-09-27 16:33:38.345  INFO 19040 --- [         task-1] o.hibernate.jpa.internal.util.LogHelper  : HHH000204: Processing PersistenceUnitInfo [name: default]
2020-09-27 16:33:38.427  INFO 19040 --- [         task-1] org.hibernate.Version                    : HHH000412: Hibernate ORM core version 5.4.21.Final
2020-09-27 16:33:38.718  WARN 19040 --- [    Test worker] JpaBaseConfiguration$JpaWebConfiguration : spring.jpa.open-in-view is enabled by default. Therefore, database queries may be performed during view rendering. Explicitly configure spring.jpa.open-in-view to disable this warning
2020-09-27 16:33:38.758  INFO 19040 --- [         task-1] o.hibernate.annotations.common.Version   : HCANN000001: Hibernate Commons Annotations {5.1.0.Final}
2020-09-27 16:33:39.047  INFO 19040 --- [         task-1] org.hibernate.dialect.Dialect            : HHH000400: Using dialect: org.hibernate.dialect.MySQL8Dialect
2020-09-27 16:33:39.881  INFO 19040 --- [    Test worker] DeferredRepositoryInitializationListener : Triggering deferred initialization of Spring Data repositories…
2020-09-27 16:33:40.416  INFO 19040 --- [         task-1] o.h.e.t.j.p.i.JtaPlatformInitiator       : HHH000490: Using JtaPlatform implementation: [org.hibernate.engine.transaction.jta.platform.internal.NoJtaPlatform]
2020-09-27 16:33:40.430  INFO 19040 --- [         task-1] j.LocalContainerEntityManagerFactoryBean : Initialized JPA EntityManagerFactory for persistence unit 'default'
2020-09-27 16:33:40.892  INFO 19040 --- [    Test worker] DeferredRepositoryInitializationListener : Spring Data repositories initialized!
2020-09-27 16:33:40.902  INFO 19040 --- [    Test worker] c.e.study.repository.UserRepositoryTest  : Started UserRepositoryTest in 5.838 seconds (JVM running for 7.597)
2020-09-27 16:33:40.946  INFO 19040 --- [    Test worker] o.s.t.c.transaction.TransactionContext   : Began transaction (1) for test context [DefaultTestContext@2823eccc testClass = UserRepositoryTest, testInstance = com.example.study.repository.UserRepositoryTest@1199eba6, testMethod = read@UserRepositoryTest, testException = [null], mergedContextConfiguration = [WebMergedContextConfiguration@50b3e31b testClass = UserRepositoryTest, locations = '{}', classes = '{class com.example.study.StudyApplication}', contextInitializerClasses = '[]', activeProfiles = '{}', propertySourceLocations = '{}', propertySourceProperties = '{org.springframework.boot.test.context.SpringBootTestContextBootstrapper=true}', contextCustomizers = set[org.springframework.boot.test.autoconfigure.properties.PropertyMappingContextCustomizer@0, org.springframework.boot.test.autoconfigure.web.servlet.WebDriverContextCustomizerFactory$Customizer@15f96c5c, org.springframework.boot.test.context.filter.ExcludeFilterContextCustomizer@2a3b28c0, org.springframework.boot.test.json.DuplicateJsonObjectContextCustomizerFactory$DuplicateJsonObjectContextCustomizer@589798b7, org.springframework.boot.test.mock.mockito.MockitoContextCustomizer@0, org.springframework.boot.test.web.client.TestRestTemplateContextCustomizer@2d74644b, org.springframework.boot.test.context.SpringBootTestArgs@1], resourceBasePath = 'src/main/webapp', contextLoader = 'org.springframework.boot.test.context.SpringBootContextLoader', parent = [null]], attributes = map['org.springframework.test.context.web.ServletTestExecutionListener.activateListener' -> true, 'org.springframework.test.context.web.ServletTestExecutionListener.populatedRequestContextHolder' -> true, 'org.springframework.test.context.web.ServletTestExecutionListener.resetRequestContextHolder' -> true]]; transaction manager [org.springframework.orm.jpa.JpaTransactionManager@4478f047]; rollback [true]
Hibernate: select user0_.id as id1_2_, user0_.account as account2_2_, user0_.created_at as created_3_2_, user0_.created_by as created_4_2_, user0_.email as email5_2_, user0_.phone_number as phone_nu6_2_, user0_.updated_at as updated_7_2_, user0_.updated_by as updated_8_2_ from user user0_ where user0_.account=? and user0_.email=?
Hibernate: select orderdetai0_.user_id as user_id4_1_0_, orderdetai0_.id as id1_1_0_, orderdetai0_.id as id1_1_1_, orderdetai0_.item_id as item_id3_1_1_, orderdetai0_.order_at as order_at2_1_1_, orderdetai0_.user_id as user_id4_1_1_, item1_.id as id1_0_2_, item1_.content as content2_0_2_, item1_.name as name3_0_2_, item1_.price as price4_0_2_ from order_detail orderdetai0_ left outer join item item1_ on orderdetai0_.item_id=item1_.id where orderdetai0_.user_id=?
Hibernate: select orderdetai0_.item_id as item_id3_1_0_, orderdetai0_.id as id1_1_0_, orderdetai0_.id as id1_1_1_, orderdetai0_.item_id as item_id3_1_1_, orderdetai0_.order_at as order_at2_1_1_, orderdetai0_.user_id as user_id4_1_1_, user1_.id as id1_2_2_, user1_.account as account2_2_2_, user1_.created_at as created_3_2_2_, user1_.created_by as created_4_2_2_, user1_.email as email5_2_2_, user1_.phone_number as phone_nu6_2_2_, user1_.updated_at as updated_7_2_2_, user1_.updated_by as updated_8_2_2_ from order_detail orderdetai0_ left outer join user user1_ on orderdetai0_.user_id=user1_.id where orderdetai0_.item_id=?
Item(id=1, name=노트북, price=100000, content=삼성 노트북, orderDetailList=[OrderDetail(id=1, orderAt=2020-09-27T01:22:48)])
2020-09-27 16:33:41.440  INFO 19040 --- [    Test worker] o.s.t.c.transaction.TransactionContext   : Rolled back transaction for test: [DefaultTestContext@2823eccc testClass = UserRepositoryTest, testInstance = com.example.study.repository.UserRepositoryTest@1199eba6, testMethod = read@UserRepositoryTest, testException = [null], mergedContextConfiguration = [WebMergedContextConfiguration@50b3e31b testClass = UserRepositoryTest, locations = '{}', classes = '{class com.example.study.StudyApplication}', contextInitializerClasses = '[]', activeProfiles = '{}', propertySourceLocations = '{}', propertySourceProperties = '{org.springframework.boot.test.context.SpringBootTestContextBootstrapper=true}', contextCustomizers = set[org.springframework.boot.test.autoconfigure.properties.PropertyMappingContextCustomizer@0, org.springframework.boot.test.autoconfigure.web.servlet.WebDriverContextCustomizerFactory$Customizer@15f96c5c, org.springframework.boot.test.context.filter.ExcludeFilterContextCustomizer@2a3b28c0, org.springframework.boot.test.json.DuplicateJsonObjectContextCustomizerFactory$DuplicateJsonObjectContextCustomizer@589798b7, org.springframework.boot.test.mock.mockito.MockitoContextCustomizer@0, org.springframework.boot.test.web.client.TestRestTemplateContextCustomizer@2d74644b, org.springframework.boot.test.context.SpringBootTestArgs@1], resourceBasePath = 'src/main/webapp', contextLoader = 'org.springframework.boot.test.context.SpringBootContextLoader', parent = [null]], attributes = map['org.springframework.test.context.web.ServletTestExecutionListener.activateListener' -> true, 'org.springframework.test.context.web.ServletTestExecutionListener.populatedRequestContextHolder' -> true, 'org.springframework.test.context.web.ServletTestExecutionListener.resetRequestContextHolder' -> true]]
]]></system-out>
  <system-err><![CDATA[]]></system-err>
</testsuite>
